  ProcessHollowCPP.cpp
C:\Program Files (x86)\Windows Kits\10\Include\10.0.18362.0\shared\ntstatus.h(66,1): warning C4005: 'STATUS_WAIT_0': macro redefinition
C:\Program Files (x86)\Windows Kits\10\Include\10.0.18362.0\um\winnt.h(2496): message : see previous definition of 'STATUS_WAIT_0'
C:\Program Files (x86)\Windows Kits\10\Include\10.0.18362.0\shared\ntstatus.h(221,1): warning C4005: 'STATUS_ABANDONED_WAIT_0': macro redefinition
C:\Program Files (x86)\Windows Kits\10\Include\10.0.18362.0\um\winnt.h(2497): message : see previous definition of 'STATUS_ABANDONED_WAIT_0'
C:\Program Files (x86)\Windows Kits\10\Include\10.0.18362.0\shared\ntstatus.h(244,1): warning C4005: 'STATUS_USER_APC': macro redefinition
C:\Program Files (x86)\Windows Kits\10\Include\10.0.18362.0\um\winnt.h(2498): message : see previous definition of 'STATUS_USER_APC'
C:\Program Files (x86)\Windows Kits\10\Include\10.0.18362.0\shared\ntstatus.h(280,1): warning C4005: 'STATUS_TIMEOUT': macro redefinition
C:\Program Files (x86)\Windows Kits\10\Include\10.0.18362.0\um\winnt.h(2499): message : see previous definition of 'STATUS_TIMEOUT'
C:\Program Files (x86)\Windows Kits\10\Include\10.0.18362.0\shared\ntstatus.h(289,1): warning C4005: 'STATUS_PENDING': macro redefinition
C:\Program Files (x86)\Windows Kits\10\Include\10.0.18362.0\um\winnt.h(2500): message : see previous definition of 'STATUS_PENDING'
C:\Program Files (x86)\Windows Kits\10\Include\10.0.18362.0\shared\ntstatus.h(736,1): warning C4005: 'DBG_EXCEPTION_HANDLED': macro redefinition
C:\Program Files (x86)\Windows Kits\10\Include\10.0.18362.0\um\winnt.h(2501): message : see previous definition of 'DBG_EXCEPTION_HANDLED'
C:\Program Files (x86)\Windows Kits\10\Include\10.0.18362.0\shared\ntstatus.h(745,1): warning C4005: 'DBG_CONTINUE': macro redefinition
C:\Program Files (x86)\Windows Kits\10\Include\10.0.18362.0\um\winnt.h(2502): message : see previous definition of 'DBG_CONTINUE'
C:\Program Files (x86)\Windows Kits\10\Include\10.0.18362.0\shared\ntstatus.h(820,1): warning C4005: 'STATUS_SEGMENT_NOTIFICATION': macro redefinition
C:\Program Files (x86)\Windows Kits\10\Include\10.0.18362.0\um\winnt.h(2503): message : see previous definition of 'STATUS_SEGMENT_NOTIFICATION'
C:\Program Files (x86)\Windows Kits\10\Include\10.0.18362.0\shared\ntstatus.h(983,1): warning C4005: 'STATUS_FATAL_APP_EXIT': macro redefinition
C:\Program Files (x86)\Windows Kits\10\Include\10.0.18362.0\um\winnt.h(2504): message : see previous definition of 'STATUS_FATAL_APP_EXIT'
C:\Program Files (x86)\Windows Kits\10\Include\10.0.18362.0\shared\ntstatus.h(1303,1): warning C4005: 'DBG_REPLY_LATER': macro redefinition
C:\Program Files (x86)\Windows Kits\10\Include\10.0.18362.0\um\winnt.h(2505): message : see previous definition of 'DBG_REPLY_LATER'
C:\Program Files (x86)\Windows Kits\10\Include\10.0.18362.0\shared\ntstatus.h(1321,1): warning C4005: 'DBG_TERMINATE_THREAD': macro redefinition
C:\Program Files (x86)\Windows Kits\10\Include\10.0.18362.0\um\winnt.h(2506): message : see previous definition of 'DBG_TERMINATE_THREAD'
C:\Program Files (x86)\Windows Kits\10\Include\10.0.18362.0\shared\ntstatus.h(1330,1): warning C4005: 'DBG_TERMINATE_PROCESS': macro redefinition
C:\Program Files (x86)\Windows Kits\10\Include\10.0.18362.0\um\winnt.h(2507): message : see previous definition of 'DBG_TERMINATE_PROCESS'
C:\Program Files (x86)\Windows Kits\10\Include\10.0.18362.0\shared\ntstatus.h(1339,1): warning C4005: 'DBG_CONTROL_C': macro redefinition
C:\Program Files (x86)\Windows Kits\10\Include\10.0.18362.0\um\winnt.h(2508): message : see previous definition of 'DBG_CONTROL_C'
C:\Program Files (x86)\Windows Kits\10\Include\10.0.18362.0\shared\ntstatus.h(1348,1): warning C4005: 'DBG_PRINTEXCEPTION_C': macro redefinition
C:\Program Files (x86)\Windows Kits\10\Include\10.0.18362.0\um\winnt.h(2509): message : see previous definition of 'DBG_PRINTEXCEPTION_C'
C:\Program Files (x86)\Windows Kits\10\Include\10.0.18362.0\shared\ntstatus.h(1357,1): warning C4005: 'DBG_RIPEXCEPTION': macro redefinition
C:\Program Files (x86)\Windows Kits\10\Include\10.0.18362.0\um\winnt.h(2510): message : see previous definition of 'DBG_RIPEXCEPTION'
C:\Program Files (x86)\Windows Kits\10\Include\10.0.18362.0\shared\ntstatus.h(1366,1): warning C4005: 'DBG_CONTROL_BREAK': macro redefinition
C:\Program Files (x86)\Windows Kits\10\Include\10.0.18362.0\um\winnt.h(2511): message : see previous definition of 'DBG_CONTROL_BREAK'
C:\Program Files (x86)\Windows Kits\10\Include\10.0.18362.0\shared\ntstatus.h(1375,1): warning C4005: 'DBG_COMMAND_EXCEPTION': macro redefinition
C:\Program Files (x86)\Windows Kits\10\Include\10.0.18362.0\um\winnt.h(2512): message : see previous definition of 'DBG_COMMAND_EXCEPTION'
C:\Program Files (x86)\Windows Kits\10\Include\10.0.18362.0\shared\ntstatus.h(1384,1): warning C4005: 'DBG_PRINTEXCEPTION_WIDE_C': macro redefinition
C:\Program Files (x86)\Windows Kits\10\Include\10.0.18362.0\um\winnt.h(2513): message : see previous definition of 'DBG_PRINTEXCEPTION_WIDE_C'
C:\Program Files (x86)\Windows Kits\10\Include\10.0.18362.0\shared\ntstatus.h(1416,1): warning C4005: 'STATUS_GUARD_PAGE_VIOLATION': macro redefinition
C:\Program Files (x86)\Windows Kits\10\Include\10.0.18362.0\um\winnt.h(2514): message : see previous definition of 'STATUS_GUARD_PAGE_VIOLATION'
C:\Program Files (x86)\Windows Kits\10\Include\10.0.18362.0\shared\ntstatus.h(1427,1): warning C4005: 'STATUS_DATATYPE_MISALIGNMENT': macro redefinition
C:\Program Files (x86)\Windows Kits\10\Include\10.0.18362.0\um\winnt.h(2515): message : see previous definition of 'STATUS_DATATYPE_MISALIGNMENT'
C:\Program Files (x86)\Windows Kits\10\Include\10.0.18362.0\shared\ntstatus.h(1438,1): warning C4005: 'STATUS_BREAKPOINT': macro redefinition
C:\Program Files (x86)\Windows Kits\10\Include\10.0.18362.0\um\winnt.h(2516): message : see previous definition of 'STATUS_BREAKPOINT'
C:\Program Files (x86)\Windows Kits\10\Include\10.0.18362.0\shared\ntstatus.h(1449,1): warning C4005: 'STATUS_SINGLE_STEP': macro redefinition
C:\Program Files (x86)\Windows Kits\10\Include\10.0.18362.0\um\winnt.h(2517): message : see previous definition of 'STATUS_SINGLE_STEP'
C:\Program Files (x86)\Windows Kits\10\Include\10.0.18362.0\shared\ntstatus.h(1752,1): warning C4005: 'STATUS_LONGJUMP': macro redefinition
C:\Program Files (x86)\Windows Kits\10\Include\10.0.18362.0\um\winnt.h(2518): message : see previous definition of 'STATUS_LONGJUMP'
C:\Program Files (x86)\Windows Kits\10\Include\10.0.18362.0\shared\ntstatus.h(1779,1): warning C4005: 'STATUS_UNWIND_CONSOLIDATE': macro redefinition
C:\Program Files (x86)\Windows Kits\10\Include\10.0.18362.0\um\winnt.h(2519): message : see previous definition of 'STATUS_UNWIND_CONSOLIDATE'
C:\Program Files (x86)\Windows Kits\10\Include\10.0.18362.0\shared\ntstatus.h(1874,1): warning C4005: 'DBG_EXCEPTION_NOT_HANDLED': macro redefinition
C:\Program Files (x86)\Windows Kits\10\Include\10.0.18362.0\um\winnt.h(2520): message : see previous definition of 'DBG_EXCEPTION_NOT_HANDLED'
C:\Program Files (x86)\Windows Kits\10\Include\10.0.18362.0\shared\ntstatus.h(2020,1): warning C4005: 'STATUS_ACCESS_VIOLATION': macro redefinition
C:\Program Files (x86)\Windows Kits\10\Include\10.0.18362.0\um\winnt.h(2521): message : see previous definition of 'STATUS_ACCESS_VIOLATION'
C:\Program Files (x86)\Windows Kits\10\Include\10.0.18362.0\shared\ntstatus.h(2029,1): warning C4005: 'STATUS_IN_PAGE_ERROR': macro redefinition
C:\Program Files (x86)\Windows Kits\10\Include\10.0.18362.0\um\winnt.h(2522): message : see previous definition of 'STATUS_IN_PAGE_ERROR'
C:\Program Files (x86)\Windows Kits\10\Include\10.0.18362.0\shared\ntstatus.h(2047,1): warning C4005: 'STATUS_INVALID_HANDLE': macro redefinition
C:\Program Files (x86)\Windows Kits\10\Include\10.0.18362.0\um\winnt.h(2523): message : see previous definition of 'STATUS_INVALID_HANDLE'
C:\Program Files (x86)\Windows Kits\10\Include\10.0.18362.0\shared\ntstatus.h(2092,1): warning C4005: 'STATUS_INVALID_PARAMETER': macro redefinition
C:\Program Files (x86)\Windows Kits\10\Include\10.0.18362.0\um\winnt.h(2524): message : see previous definition of 'STATUS_INVALID_PARAMETER'
C:\Program Files (x86)\Windows Kits\10\Include\10.0.18362.0\shared\ntstatus.h(2192,1): warning C4005: 'STATUS_NO_MEMORY': macro redefinition
C:\Program Files (x86)\Windows Kits\10\Include\10.0.18362.0\um\winnt.h(2525): message : see previous definition of 'STATUS_NO_MEMORY'
C:\Program Files (x86)\Windows Kits\10\Include\10.0.18362.0\shared\ntstatus.h(2249,1): warning C4005: 'STATUS_ILLEGAL_INSTRUCTION': macro redefinition
C:\Program Files (x86)\Windows Kits\10\Include\10.0.18362.0\um\winnt.h(2526): message : see previous definition of 'STATUS_ILLEGAL_INSTRUCTION'
C:\Program Files (x86)\Windows Kits\10\Include\10.0.18362.0\shared\ntstatus.h(2330,1): warning C4005: 'STATUS_NONCONTINUABLE_EXCEPTION': macro redefinition
C:\Program Files (x86)\Windows Kits\10\Include\10.0.18362.0\um\winnt.h(2527): message : see previous definition of 'STATUS_NONCONTINUABLE_EXCEPTION'
C:\Program Files (x86)\Windows Kits\10\Include\10.0.18362.0\shared\ntstatus.h(2339,1): warning C4005: 'STATUS_INVALID_DISPOSITION': macro redefinition
C:\Program Files (x86)\Windows Kits\10\Include\10.0.18362.0\um\winnt.h(2528): message : see previous definition of 'STATUS_INVALID_DISPOSITION'
C:\Program Files (x86)\Windows Kits\10\Include\10.0.18362.0\shared\ntstatus.h(3272,1): warning C4005: 'STATUS_ARRAY_BOUNDS_EXCEEDED': macro redefinition
C:\Program Files (x86)\Windows Kits\10\Include\10.0.18362.0\um\winnt.h(2529): message : see previous definition of 'STATUS_ARRAY_BOUNDS_EXCEEDED'
C:\Program Files (x86)\Windows Kits\10\Include\10.0.18362.0\shared\ntstatus.h(3282,1): warning C4005: 'STATUS_FLOAT_DENORMAL_OPERAND': macro redefinition
C:\Program Files (x86)\Windows Kits\10\Include\10.0.18362.0\um\winnt.h(2530): message : see previous definition of 'STATUS_FLOAT_DENORMAL_OPERAND'
C:\Program Files (x86)\Windows Kits\10\Include\10.0.18362.0\shared\ntstatus.h(3292,1): warning C4005: 'STATUS_FLOAT_DIVIDE_BY_ZERO': macro redefinition
C:\Program Files (x86)\Windows Kits\10\Include\10.0.18362.0\um\winnt.h(2531): message : see previous definition of 'STATUS_FLOAT_DIVIDE_BY_ZERO'
C:\Program Files (x86)\Windows Kits\10\Include\10.0.18362.0\shared\ntstatus.h(3302,1): warning C4005: 'STATUS_FLOAT_INEXACT_RESULT': macro redefinition
C:\Program Files (x86)\Windows Kits\10\Include\10.0.18362.0\um\winnt.h(2532): message : see previous definition of 'STATUS_FLOAT_INEXACT_RESULT'
C:\Program Files (x86)\Windows Kits\10\Include\10.0.18362.0\shared\ntstatus.h(3312,1): warning C4005: 'STATUS_FLOAT_INVALID_OPERATION': macro redefinition
C:\Program Files (x86)\Windows Kits\10\Include\10.0.18362.0\um\winnt.h(2533): message : see previous definition of 'STATUS_FLOAT_INVALID_OPERATION'
C:\Program Files (x86)\Windows Kits\10\Include\10.0.18362.0\shared\ntstatus.h(3322,1): warning C4005: 'STATUS_FLOAT_OVERFLOW': macro redefinition
C:\Program Files (x86)\Windows Kits\10\Include\10.0.18362.0\um\winnt.h(2534): message : see previous definition of 'STATUS_FLOAT_OVERFLOW'
C:\Program Files (x86)\Windows Kits\10\Include\10.0.18362.0\shared\ntstatus.h(3332,1): warning C4005: 'STATUS_FLOAT_STACK_CHECK': macro redefinition
C:\Program Files (x86)\Windows Kits\10\Include\10.0.18362.0\um\winnt.h(2535): message : see previous definition of 'STATUS_FLOAT_STACK_CHECK'
C:\Program Files (x86)\Windows Kits\10\Include\10.0.18362.0\shared\ntstatus.h(3342,1): warning C4005: 'STATUS_FLOAT_UNDERFLOW': macro redefinition
C:\Program Files (x86)\Windows Kits\10\Include\10.0.18362.0\um\winnt.h(2536): message : see previous definition of 'STATUS_FLOAT_UNDERFLOW'
C:\Program Files (x86)\Windows Kits\10\Include\10.0.18362.0\shared\ntstatus.h(3352,1): warning C4005: 'STATUS_INTEGER_DIVIDE_BY_ZERO': macro redefinition
C:\Program Files (x86)\Windows Kits\10\Include\10.0.18362.0\um\winnt.h(2537): message : see previous definition of 'STATUS_INTEGER_DIVIDE_BY_ZERO'
C:\Program Files (x86)\Windows Kits\10\Include\10.0.18362.0\shared\ntstatus.h(3362,1): warning C4005: 'STATUS_INTEGER_OVERFLOW': macro redefinition
C:\Program Files (x86)\Windows Kits\10\Include\10.0.18362.0\um\winnt.h(2538): message : see previous definition of 'STATUS_INTEGER_OVERFLOW'
C:\Program Files (x86)\Windows Kits\10\Include\10.0.18362.0\shared\ntstatus.h(3372,1): warning C4005: 'STATUS_PRIVILEGED_INSTRUCTION': macro redefinition
C:\Program Files (x86)\Windows Kits\10\Include\10.0.18362.0\um\winnt.h(2539): message : see previous definition of 'STATUS_PRIVILEGED_INSTRUCTION'
C:\Program Files (x86)\Windows Kits\10\Include\10.0.18362.0\shared\ntstatus.h(4318,1): warning C4005: 'STATUS_STACK_OVERFLOW': macro redefinition
C:\Program Files (x86)\Windows Kits\10\Include\10.0.18362.0\um\winnt.h(2540): message : see previous definition of 'STATUS_STACK_OVERFLOW'
C:\Program Files (x86)\Windows Kits\10\Include\10.0.18362.0\shared\ntstatus.h(4835,1): warning C4005: 'STATUS_DLL_NOT_FOUND': macro redefinition
C:\Program Files (x86)\Windows Kits\10\Include\10.0.18362.0\um\winnt.h(2541): message : see previous definition of 'STATUS_DLL_NOT_FOUND'
C:\Program Files (x86)\Windows Kits\10\Include\10.0.18362.0\shared\ntstatus.h(4864,1): warning C4005: 'STATUS_ORDINAL_NOT_FOUND': macro redefinition
C:\Program Files (x86)\Windows Kits\10\Include\10.0.18362.0\um\winnt.h(2542): message : see previous definition of 'STATUS_ORDINAL_NOT_FOUND'
C:\Program Files (x86)\Windows Kits\10\Include\10.0.18362.0\shared\ntstatus.h(4874,1): warning C4005: 'STATUS_ENTRYPOINT_NOT_FOUND': macro redefinition
C:\Program Files (x86)\Windows Kits\10\Include\10.0.18362.0\um\winnt.h(2543): message : see previous definition of 'STATUS_ENTRYPOINT_NOT_FOUND'
C:\Program Files (x86)\Windows Kits\10\Include\10.0.18362.0\shared\ntstatus.h(4884,1): warning C4005: 'STATUS_CONTROL_C_EXIT': macro redefinition
C:\Program Files (x86)\Windows Kits\10\Include\10.0.18362.0\um\winnt.h(2544): message : see previous definition of 'STATUS_CONTROL_C_EXIT'
C:\Program Files (x86)\Windows Kits\10\Include\10.0.18362.0\shared\ntstatus.h(4962,1): warning C4005: 'STATUS_DLL_INIT_FAILED': macro redefinition
C:\Program Files (x86)\Windows Kits\10\Include\10.0.18362.0\um\winnt.h(2545): message : see previous definition of 'STATUS_DLL_INIT_FAILED'
C:\Program Files (x86)\Windows Kits\10\Include\10.0.18362.0\shared\ntstatus.h(7508,1): warning C4005: 'STATUS_FLOAT_MULTIPLE_FAULTS': macro redefinition
C:\Program Files (x86)\Windows Kits\10\Include\10.0.18362.0\um\winnt.h(2546): message : see previous definition of 'STATUS_FLOAT_MULTIPLE_FAULTS'
C:\Program Files (x86)\Windows Kits\10\Include\10.0.18362.0\shared\ntstatus.h(7518,1): warning C4005: 'STATUS_FLOAT_MULTIPLE_TRAPS': macro redefinition
C:\Program Files (x86)\Windows Kits\10\Include\10.0.18362.0\um\winnt.h(2547): message : see previous definition of 'STATUS_FLOAT_MULTIPLE_TRAPS'
C:\Program Files (x86)\Windows Kits\10\Include\10.0.18362.0\shared\ntstatus.h(7650,1): warning C4005: 'STATUS_REG_NAT_CONSUMPTION': macro redefinition
C:\Program Files (x86)\Windows Kits\10\Include\10.0.18362.0\um\winnt.h(2548): message : see previous definition of 'STATUS_REG_NAT_CONSUMPTION'
C:\Program Files (x86)\Windows Kits\10\Include\10.0.18362.0\shared\ntstatus.h(8633,1): warning C4005: 'STATUS_HEAP_CORRUPTION': macro redefinition
C:\Program Files (x86)\Windows Kits\10\Include\10.0.18362.0\um\winnt.h(2549): message : see previous definition of 'STATUS_HEAP_CORRUPTION'
C:\Program Files (x86)\Windows Kits\10\Include\10.0.18362.0\shared\ntstatus.h(8861,1): warning C4005: 'STATUS_STACK_BUFFER_OVERRUN': macro redefinition
C:\Program Files (x86)\Windows Kits\10\Include\10.0.18362.0\um\winnt.h(2550): message : see previous definition of 'STATUS_STACK_BUFFER_OVERRUN'
C:\Program Files (x86)\Windows Kits\10\Include\10.0.18362.0\shared\ntstatus.h(8988,1): warning C4005: 'STATUS_INVALID_CRUNTIME_PARAMETER': macro redefinition
C:\Program Files (x86)\Windows Kits\10\Include\10.0.18362.0\um\winnt.h(2551): message : see previous definition of 'STATUS_INVALID_CRUNTIME_PARAMETER'
C:\Program Files (x86)\Windows Kits\10\Include\10.0.18362.0\shared\ntstatus.h(9051,1): warning C4005: 'STATUS_ASSERTION_FAILURE': macro redefinition
C:\Program Files (x86)\Windows Kits\10\Include\10.0.18362.0\um\winnt.h(2552): message : see previous definition of 'STATUS_ASSERTION_FAILURE'
C:\Program Files (x86)\Windows Kits\10\Include\10.0.18362.0\shared\ntstatus.h(9969,1): warning C4005: 'STATUS_ENCLAVE_VIOLATION': macro redefinition
C:\Program Files (x86)\Windows Kits\10\Include\10.0.18362.0\um\winnt.h(2553): message : see previous definition of 'STATUS_ENCLAVE_VIOLATION'
C:\Program Files (x86)\Windows Kits\10\Include\10.0.18362.0\shared\ntstatus.h(10369,1): warning C4005: 'STATUS_INTERRUPTED': macro redefinition
C:\Program Files (x86)\Windows Kits\10\Include\10.0.18362.0\um\winnt.h(2554): message : see previous definition of 'STATUS_INTERRUPTED'
C:\Program Files (x86)\Windows Kits\10\Include\10.0.18362.0\shared\ntstatus.h(10378,1): warning C4005: 'STATUS_THREAD_NOT_RUNNING': macro redefinition
C:\Program Files (x86)\Windows Kits\10\Include\10.0.18362.0\um\winnt.h(2555): message : see previous definition of 'STATUS_THREAD_NOT_RUNNING'
C:\Program Files (x86)\Windows Kits\10\Include\10.0.18362.0\shared\ntstatus.h(10672,1): warning C4005: 'STATUS_ALREADY_REGISTERED': macro redefinition
C:\Program Files (x86)\Windows Kits\10\Include\10.0.18362.0\um\winnt.h(2556): message : see previous definition of 'STATUS_ALREADY_REGISTERED'
C:\Program Files (x86)\Windows Kits\10\Include\10.0.18362.0\shared\ntstatus.h(14205,1): warning C4005: 'STATUS_SXS_EARLY_DEACTIVATION': macro redefinition
C:\Program Files (x86)\Windows Kits\10\Include\10.0.18362.0\um\winnt.h(2558): message : see previous definition of 'STATUS_SXS_EARLY_DEACTIVATION'
C:\Program Files (x86)\Windows Kits\10\Include\10.0.18362.0\shared\ntstatus.h(14214,1): warning C4005: 'STATUS_SXS_INVALID_DEACTIVATION': macro redefinition
C:\Program Files (x86)\Windows Kits\10\Include\10.0.18362.0\um\winnt.h(2559): message : see previous definition of 'STATUS_SXS_INVALID_DEACTIVATION'
C:\Users\latortuga\source\repos\ProcessHollowCPP\ProcessHollowCPP\ProcessHollowCPP.cpp(246,12): warning C4477: 'printf' : format string '%u' requires an argument of type 'unsigned int', but variadic argument 1 has type 'SIZE_T'
C:\Users\latortuga\source\repos\ProcessHollowCPP\ProcessHollowCPP\ProcessHollowCPP.cpp(246,12): message : consider using '%llu' in the format string
C:\Users\latortuga\source\repos\ProcessHollowCPP\ProcessHollowCPP\ProcessHollowCPP.cpp(246,12): message : consider using '%Iu' in the format string
C:\Users\latortuga\source\repos\ProcessHollowCPP\ProcessHollowCPP\ProcessHollowCPP.cpp(246,12): message : consider using '%I64u' in the format string
C:\Users\latortuga\source\repos\ProcessHollowCPP\ProcessHollowCPP\ProcessHollowCPP.cpp(248,12): warning C4477: 'printf' : format string '%p' requires an argument of type 'void *', but variadic argument 1 has type 'uint64_t'
C:\Users\latortuga\source\repos\ProcessHollowCPP\ProcessHollowCPP\ProcessHollowCPP.cpp(253,12): warning C4477: 'printf' : format string '%u' requires an argument of type 'unsigned int', but variadic argument 1 has type 'SIZE_T'
C:\Users\latortuga\source\repos\ProcessHollowCPP\ProcessHollowCPP\ProcessHollowCPP.cpp(253,12): message : consider using '%llu' in the format string
C:\Users\latortuga\source\repos\ProcessHollowCPP\ProcessHollowCPP\ProcessHollowCPP.cpp(253,12): message : consider using '%Iu' in the format string
C:\Users\latortuga\source\repos\ProcessHollowCPP\ProcessHollowCPP\ProcessHollowCPP.cpp(253,12): message : consider using '%I64u' in the format string
C:\Users\latortuga\source\repos\ProcessHollowCPP\ProcessHollowCPP\ProcessHollowCPP.cpp(263,12): warning C4477: 'printf' : format string '%p' requires an argument of type 'void *', but variadic argument 1 has type 'uint64_t'
C:\Users\latortuga\source\repos\ProcessHollowCPP\ProcessHollowCPP\ProcessHollowCPP.cpp(243,12): warning C4101: 'nWrite': unreferenced local variable
  Generating code
  0 of 7 functions ( 0.0%) were compiled, the rest were copied from previous compilation.
    0 functions were new in current compilation
    0 functions had inline decision re-evaluated but remain unchanged
  Finished generating code
  ProcessHollowCPP.vcxproj -> C:\Users\latortuga\source\repos\ProcessHollowCPP\x64\Release\ProcessHollowCPP.exe
